[2024-01-10 12:30:16] READ 'data/processed/sheets/ResearchGroups.csv.gz': 2036 records
[2024-01-10 12:30:16] PPROC actions for 'ResearchGroups' sheet
[2024-01-10 12:30:16] - PPROC: rename 'Main panel' to 'Main panel code'
[2024-01-10 12:30:16] - PPROC: rename 'Unit of assessment name' to 'Unit of assessment'
[2024-01-10 12:30:16] - PPROC: rename 'Institution name' to 'Institution'
[2024-01-10 12:30:16] - PPROC: rename 'Research group name' to 'Research group'
[2024-01-10 12:30:16] - PPROC: replace '['/', ':']' with '_' in 'Institution'
[2024-01-10 12:30:16] - PPROC: replace missing values with 'Not specified'
[2024-01-10 12:30:16] - PPROC: add columns for panel names
[2024-01-10 12:30:16] - PPROC: drop columns '['Main panel code', 'Unit of assessment number']'
[2024-01-10 12:30:16] - PPROC: drop column 'Multiple submission letter'
                            count
Multiple submission letter       
Not specified                2016
B                              11
A                               9
[2024-01-10 12:30:16] - PPROC: drop column 'Multiple submission name'
                                                    count
Multiple submission name                                 
Not specified                                        2016
UoG Submission in Allied Health Professions & N...      7
Development Studies                                     4
A – Faculty of Creative Industries, University ...      3
Social Anthropology                                     2
Drama, Dance, Performing Arts, Film and Screen ...      2
Music                                                   2
[2024-01-10 12:30:16] - PPROC: drop column 'Joint submission'
                                                 count
Joint submission                                      
Not specified                                     2018
(joint submission with Heriot-Watt University)       9
(joint submission with University of Sussex)         4
(joint submission with University of Greenwich)      3
(joint submission with SRUC)                         2
[2024-01-10 12:30:16] SAVED pre-processed dataset to 'data/processed/sheets/ResearchGroups_ppreprocessed.csv.gz'
[2024-01-10 12:30:16] DELETED 'data/processed/sheets/ResearchGroups.csv.gz'
