[2024-01-22 13:02:38] PPROC actions for unit environment statements
[2024-01-22 13:02:38] - read data from 'data/processed/environment_statements/extracted/unit' 
[2024-01-22 13:02:38] - statements: 1874, sections: 4
[2024-01-22 13:02:38] - WARNING: The University of Reading unit code '32A' replaced with 32
[2024-01-22 13:02:39] - WARNING: University of Oxford unit code '26B' replaced with 26
[2024-01-22 13:02:39] - WARNING: The University of Reading unit code '32B' replaced with 32
[2024-01-22 13:02:40] - WARNING: University of Oxford unit code '26A' replaced with 26
[2024-01-22 13:02:41] - WARNING: The University of Leeds unit code '33A' replaced with 33
[2024-01-22 13:02:42] - WARNING: The University of Leeds unit code '33B' replaced with 33
[2024-01-22 13:02:44] - WARNING: University of York unit code '33A' replaced with 33
[2024-01-22 13:02:44] - WARNING: University College London unit code '25A' replaced with 25
[2024-01-22 13:02:44] - WARNING: The University of Huddersfield unit code '33B' replaced with 33
[2024-01-22 13:02:44] - WARNING: Roehampton University unit code '33B' replaced with 33
[2024-01-22 13:02:45] - WARNING: University of York unit code '33B' replaced with 33
[2024-01-22 13:02:45] - WARNING: University College London unit code '25B' replaced with 25
[2024-01-22 13:02:46] - WARNING: The University of Huddersfield unit code '33A' replaced with 33
[2024-01-22 13:02:46] - WARNING: Roehampton University unit code '33A' replaced with 33
[2024-01-22 13:02:46] - WARNING: University College London unit code '32B' replaced with 32
[2024-01-22 13:02:46] - WARNING: Queen Mary University of London unit code '26B' replaced with 26
[2024-01-22 13:02:47] - WARNING: University of Greenwich unit code '3B' replaced with 3
[2024-01-22 13:02:47] - WARNING: University College London unit code '32A' replaced with 32
[2024-01-22 13:02:48] - WARNING: Queen Mary University of London unit code '26A' replaced with 26
[2024-01-22 13:02:49] - WARNING: Queen Mary University of London unit code '33A' replaced with 33
[2024-01-22 13:02:49] - WARNING: School of Oriental and African Studies unit code '22A' replaced with 22
[2024-01-22 13:02:49] - WARNING: The University of Manchester unit code '33B' replaced with 33
[2024-01-22 13:02:49] - WARNING: Goldsmiths' College unit code '34B' replaced with 34
[2024-01-22 13:02:49] - WARNING: The London School of Economics and Political Science unit code '28A' replaced with 28
[2024-01-22 13:02:49] - WARNING: University of Oxford unit code '22A' replaced with 22
[2024-01-22 13:02:50] - WARNING: Queen Mary University of London unit code '33B' replaced with 33
[2024-01-22 13:02:50] - WARNING: School of Oriental and African Studies unit code '22B' replaced with 22
[2024-01-22 13:02:50] - WARNING: The University of Manchester unit code '33A' replaced with 33
[2024-01-22 13:02:50] - WARNING: Goldsmiths' College unit code '34A' replaced with 34
[2024-01-22 13:02:50] - WARNING: The London School of Economics and Political Science unit code '28B' replaced with 28
[2024-01-22 13:02:50] - WARNING: University of Oxford unit code '22B' replaced with 22
[2024-01-22 13:02:52] - WARNING: University of South Wales _ Prifysgol De Cymru unit code '33B' replaced with 33
[2024-01-22 13:02:54] - WARNING: University of South Wales _ Prifysgol De Cymru unit code '33A' replaced with 33
[2024-01-22 13:02:55] - WARNING: The London School of Economics and Political Science unit code '22A' replaced with 22
[2024-01-22 13:02:56] - WARNING: The London School of Economics and Political Science unit code '22B' replaced with 22
[2024-01-22 13:02:56] - WARNING: University of Glasgow unit code '26B' replaced with 26
[2024-01-22 13:02:57] - WARNING: The University of Leicester unit code '34B' replaced with 34
[2024-01-22 13:02:57] - WARNING: The University of Manchester unit code '22B' replaced with 22
[2024-01-22 13:02:57] - WARNING: University of Glasgow unit code '26A' replaced with 26
[2024-01-22 13:02:57] - WARNING: The University of Leicester unit code '34A' replaced with 34
[2024-01-22 13:02:58] - WARNING: The University of Manchester unit code '22A' replaced with 22
[2024-01-22 13:02:58] - prepared institution statements: 1874
[2024-01-22 13:02:58] - write to '/Users/mihaela/Documents/work/ssi_work/ref-2021-analysis/data/processed/environment_statements/prepared/EnvStatementsUnitLevel.csv.gz'
