2024-02-22 14:14:47,157 [INFO] Results - read sheet from 'data/raw/REF-2021-Results-All-2022-05-06.xlsx'
2024-02-22 14:14:47,548 [INFO] Results - parsed sheet: 7552 records
2024-02-22 14:14:47,549 [INFO] Results - rename 'Main panel' to 'Main panel code'
2024-02-22 14:14:47,551 [INFO] Results - replace '['/', ':']' with '_' in 'Institution name'
2024-02-22 14:14:47,552 [INFO] Results - add columns for panel names
2024-02-22 14:14:47,557 [INFO] Results - replace '-' with na in ['4 stars', '3 stars', '2 stars', '1 star', 'Unclassified']
2024-02-22 14:14:47,559 [INFO] Results - bin percentages for ['4 stars', '3 stars', '2 stars', '1 star', 'Unclassified']
2024-02-22 14:14:47,560 [INFO] Results - drop columns '['Institution code (UKPRN)', 'Institution sort order']'
2024-02-22 14:14:47,569 [INFO] Results - pivot to make wide format for ratings per profile to enable analyses
2024-02-22 14:14:47,569 [INFO] Results - make categorical ['Environment evaluation - Unclassified (binned)', 'Impact evaluation - 1 star (binned)', 'Overall evaluation - 2 stars (binned)', 'Outputs evaluation - 4 stars (binned)', 'Outputs evaluation - 2 stars (binned)', 'Environment evaluation - 4 stars (binned)', 'Environment evaluation - 2 stars (binned)', 'Overall evaluation - 1 star (binned)', 'Impact evaluation - 3 stars (binned)', 'Environment evaluation - 3 stars (binned)', 'Overall evaluation - 3 stars (binned)', 'Overall evaluation - Unclassified (binned)', 'Environment evaluation - 1 star (binned)', 'Outputs evaluation - 3 stars (binned)', 'Outputs evaluation - 1 star (binned)', 'Overall evaluation - 4 stars (binned)', 'Outputs evaluation - Unclassified (binned)', 'Impact evaluation - 4 stars (binned)', 'Impact evaluation - 2 stars (binned)', 'Impact evaluation - Unclassified (binned)']
2024-02-22 14:14:48,048 [INFO] Results - read dataset from 'data/processed/sheets/Outputs.parquet'
2024-02-22 14:14:48,064 [INFO] Results - added column 'Output submissions (added)'
2024-02-22 14:14:48,069 [INFO] Results - added column 'Output submissions - Chapter in book (added)'
2024-02-22 14:14:48,076 [INFO] Results - added column 'Output submissions - Journal article (added)'
2024-02-22 14:14:48,081 [INFO] Results - added column 'Output submissions - Authored book (added)'
2024-02-22 14:14:48,085 [INFO] Results - added column 'Output submissions - Edited book (added)'
2024-02-22 14:14:48,089 [INFO] Results - added column 'Output submissions - Exhibition (added)'
2024-02-22 14:14:48,092 [INFO] Results - added column 'Output submissions - Performance (added)'
2024-02-22 14:14:48,096 [INFO] Results - added column 'Output submissions - Digital or visual media (added)'
2024-02-22 14:14:48,100 [INFO] Results - added column 'Output submissions - Conference contribution (added)'
2024-02-22 14:14:48,103 [INFO] Results - added column 'Output submissions - Scholarly edition (added)'
2024-02-22 14:14:48,107 [INFO] Results - added column 'Output submissions - Other (added)'
2024-02-22 14:14:48,111 [INFO] Results - added column 'Output submissions - Working paper (added)'
2024-02-22 14:14:48,114 [INFO] Results - added column 'Output submissions - Patent/ published patent application (added)'
2024-02-22 14:14:48,118 [INFO] Results - added column 'Output submissions - Composition (added)'
2024-02-22 14:14:48,122 [INFO] Results - added column 'Output submissions - Website content (added)'
2024-02-22 14:14:48,125 [INFO] Results - added column 'Output submissions - Design (added)'
2024-02-22 14:14:48,129 [INFO] Results - added column 'Output submissions - Artefact (added)'
2024-02-22 14:14:48,132 [INFO] Results - added column 'Output submissions - Research report for external body (added)'
2024-02-22 14:14:48,136 [INFO] Results - added column 'Output submissions - Research data sets and databases (added)'
2024-02-22 14:14:48,139 [INFO] Results - added column 'Output submissions - Translation (added)'
2024-02-22 14:14:48,143 [INFO] Results - added column 'Output submissions - Software (added)'
2024-02-22 14:14:48,146 [INFO] Results - added column 'Output submissions - Devices and products (added)'
2024-02-22 14:14:48,263 [INFO] Results - read dataset from 'data/processed/sheets/ImpactCaseStudies.parquet'
2024-02-22 14:14:48,268 [INFO] Results - added column 'Impact case study submissions (added)'
2024-02-22 14:14:48,279 [INFO] Results - read dataset from 'data/processed/sheets/ResearchDoctoralDegreesAwarded.parquet'
2024-02-22 14:14:48,283 [INFO] Results - added columns '['Total number of doctoral degrees awarded  (added)']'
2024-02-22 14:14:48,461 [INFO] Results - read dataset from '/Users/mihaela/Documents/work/ssi_work/ref-2021-analysis/data/processed/environment_statements/EnvironmentStatementsUnitLevel.parquet'
2024-02-22 14:14:48,469 [INFO] Results - merged with unit environment statements: 1888 records
2024-02-22 14:14:48,469 [INFO] Results - make categorical ['Joint submission', 'Main panel name', 'Multiple submission letter', 'Institution name', 'Multiple submission name', 'Unit of assessment name']
2024-02-22 14:14:48,933 [INFO] Results - write dataset to 'data/processed/sheets/Results.parquet'
