2024-01-31 15:08:11,258 [INFO] Results - read sheet from 'data/raw/REF-2021-Results-All-2022-05-06.xlsx'
2024-01-31 15:08:11,726 [INFO] Results - parsed sheet: 7552 records
2024-01-31 15:08:11,727 [INFO] Results - rename 'Main panel' to 'Main panel code'
2024-01-31 15:08:11,729 [INFO] Results - replace '['/', ':']' with '_' in 'Institution name'
2024-01-31 15:08:11,732 [INFO] Results - add columns for panel names
2024-01-31 15:08:11,743 [INFO] Results - bin percentages in the ['4 stars', '3 stars', '2 stars', '1 star', 'Unclassified']
2024-01-31 15:08:11,745 [INFO] Results - drop columns ['Institution code (UKPRN)', 'Institution sort order']
2024-01-31 15:08:11,799 [INFO] Results - read dataset from 'data/processed/sheets/ResearchGroups_preprocessed.parquet'
2024-01-31 15:08:11,806 [INFO] Results - added column 'Research group submissions'
2024-01-31 15:08:11,975 [INFO] Results - read dataset from 'data/processed/sheets/Outputs_preprocessed.parquet'
2024-01-31 15:08:11,984 [INFO] Results - added column 'Output submissions'
2024-01-31 15:08:11,990 [INFO] Results - added column 'Output submissions - Chapter in book'
2024-01-31 15:08:11,998 [INFO] Results - added column 'Output submissions - Journal article'
2024-01-31 15:08:12,004 [INFO] Results - added column 'Output submissions - Authored book'
2024-01-31 15:08:12,009 [INFO] Results - added column 'Output submissions - Edited book'
2024-01-31 15:08:12,013 [INFO] Results - added column 'Output submissions - Exhibition'
2024-01-31 15:08:12,018 [INFO] Results - added column 'Output submissions - Performance'
2024-01-31 15:08:12,022 [INFO] Results - added column 'Output submissions - Digital or visual media'
2024-01-31 15:08:12,027 [INFO] Results - added column 'Output submissions - Conference contribution'
2024-01-31 15:08:12,031 [INFO] Results - added column 'Output submissions - Scholarly edition'
2024-01-31 15:08:12,036 [INFO] Results - added column 'Output submissions - Other'
2024-01-31 15:08:12,040 [INFO] Results - added column 'Output submissions - Working paper'
2024-01-31 15:08:12,045 [INFO] Results - added column 'Output submissions - Patent/ published patent application'
2024-01-31 15:08:12,049 [INFO] Results - added column 'Output submissions - Composition'
2024-01-31 15:08:12,054 [INFO] Results - added column 'Output submissions - Website content'
2024-01-31 15:08:12,058 [INFO] Results - added column 'Output submissions - Design'
2024-01-31 15:08:12,063 [INFO] Results - added column 'Output submissions - Artefact'
2024-01-31 15:08:12,067 [INFO] Results - added column 'Output submissions - Research report for external body'
2024-01-31 15:08:12,072 [INFO] Results - added column 'Output submissions - Research data sets and databases'
2024-01-31 15:08:12,076 [INFO] Results - added column 'Output submissions - Translation'
2024-01-31 15:08:12,080 [INFO] Results - added column 'Output submissions - Software'
2024-01-31 15:08:12,085 [INFO] Results - added column 'Output submissions - Devices and products'
2024-01-31 15:08:12,180 [INFO] Results - read dataset from 'data/processed/sheets/ImpactCaseStudies_preprocessed.parquet'
2024-01-31 15:08:12,197 [INFO] Results - added column 'Impact case study submissions'
2024-01-31 15:08:12,200 [INFO] Results - read dataset from 'data/processed/sheets/ResearchDoctoralDegreesAwarded_preprocessed.parquet'
2024-01-31 15:08:12,212 [INFO] Results - added columns '['Total number of doctoral degrees awarded']'
2024-01-31 15:08:12,386 [INFO] Results - read dataset from 'data/processed/environment_statements/prepared/EnvironmentStatementsUnitLevel_preprocessed.parquet'
2024-01-31 15:08:12,393 [INFO] Results - merged with unit environment statements: 1888 records
2024-01-31 15:08:12,394 [INFO] Results - drop columns '[]'
2024-01-31 15:08:12,394 [INFO] Results - make categorical ['Unit of assessment name', 'Multiple submission name', 'Institution name', 'Main panel name', 'Multiple submission letter', 'Joint submission']
2024-01-31 15:08:12,405 [INFO] Results - write dataset to 'data/processed/sheets/Results_preprocessed.parquet'
2024-01-31 15:08:12,936 [INFO] Results - write dataset to 'data/processed/sheets/Results_preprocessed_extra.parquet'
